Mon May 11 20:22:17 CDT 2020
data will be saved to: /work/jinzx10/TwoPara//data/TwoPara/hybrid_Gamma/0.0064
x0_mpt = 0
x0_fil = 20.6097
omega = 0.0002
mass = 2000
dE_fil = -0.0038
W = 0.2
bath density of states = 1000
hybridization = 0.0064
base density of x grid = 5
peak density of x grid = 30
width of x grid peak density = 4
size of subspace adiabats = 30

diabatic crossing = 8.00011
number of bath states = 401
size of selective CIS basis = 401
number of x grid points: 381
number of x grid points for proc-0: 4
minimum on-site energy: -0.062653
maximum on-site energy: 0.0527616

model initialized
elapsed time = 0.500017 seconds (stopwatch #0).
proc id = 0   local task: 1/4 finished
proc id = 16   local task: 1/4 finished
proc id = 95   local task: 1/3 finished
proc id = 94   local task: 1/3 finished
proc id = 88   local task: 1/4 finished
proc id = 90   local task: 1/4 finished
proc id = 4   local task: 1/4 finished
proc id = 80   local task: 1/4 finished
proc id = 12   local task: 1/4 finished
proc id = 1   local task: 1/4 finished
proc id = 93   local task: 1/3 finished
proc id = 92   local task: 1/4 finished
proc id = 75   local task: 1/4 finished
proc id = 10   local task: 1/4 finished
proc id = 9   local task: 1/4 finished
proc id = 8   local task: 1/4 finished
proc id = 2   local task: 1/4 finished
proc id = 87   local task: 1/4 finished
proc id = 89   local task: 1/4 finished
proc id = 91   local task: 1/4 finished
proc id = 14   local task: 1/4 finished
proc id = 7   local task: 1/4 finished
proc id = 3   local task: 1/4 finished
proc id = 86   local task: 1/4 finished
proc id = 15   local task: 1/4 finished
proc id = 18   local task: 1/4 finished
proc id = 13   local task: 1/4 finished
proc id = 81   local task: 1/4 finished
proc id = 11   local task: 1/4 finished
proc id = 83   local task: 1/4 finished
proc id = 5   local task: 1/4 finished
proc id = 6   local task: 1/4 finished
proc id = 85   local task: 1/4 finished
proc id = 32   local task: 1/4 finished
proc id = 63   local task: 1/4 finished
proc id = 23   local task: 1/4 finished
proc id = 20   local task: 1/4 finished
proc id = 84   local task: 1/4 finished
proc id = 17   local task: 1/4 finished
proc id = 82   local task: 1/4 finished
proc id = 28   local task: 1/4 finished
proc id = 27   local task: 1/4 finished
proc id = 25   local task: 1/4 finished
proc id = 19   local task: 1/4 finished
proc id = 24   local task: 1/4 finished
proc id = 59   local task: 1/4 finished
proc id = 21   local task: 1/4 finished
proc id = 61   local task: 1/4 finished
proc id = 26   local task: 1/4 finished
proc id = 54   local task: 1/4 finished
proc id = 29   local task: 1/4 finished
proc id = 60   local task: 1/4 finished
proc id = 62   local task: 1/4 finished
proc id = 30   local task: 1/4 finished
proc id = 48   local task: 1/4 finished
proc id = 43   local task: 1/4 finished
proc id = 55   local task: 1/4 finished
proc id = 47   local task: 1/4 finished
proc id = 31   local task: 1/4 finished
proc id = 22   local task: 1/4 finished
proc id = 57   local task: 1/4 finished
proc id = 33   local task: 1/4 finished
proc id = 52   local task: 1/4 finished
proc id = 58   local task: 1/4 finished
proc id = 56   local task: 1/4 finished
proc id = 45   local task: 1/4 finished
proc id = 53   local task: 1/4 finished
proc id = 38   local task: 1/4 finished
proc id = 36   local task: 1/4 finished
proc id = 40   local task: 1/4 finished
proc id = 35   local task: 1/4 finished
proc id = 50   local task: 1/4 finished
proc id = 44   local task: 1/4 finished
proc id = 51   local task: 1/4 finished
proc id = 42   local task: 1/4 finished
proc id = 34   local task: 1/4 finished
proc id = 46   local task: 1/4 finished
proc id = 37   local task: 1/4 finished
proc id = 39   local task: 1/4 finished
proc id = 41   local task: 1/4 finished
proc id = 49   local task: 1/4 finished
proc id = 73   local task: 1/4 finished
proc id = 79   local task: 1/4 finished
proc id = 77   local task: 1/4 finished
proc id = 64   local task: 1/4 finished
proc id = 72   local task: 1/4 finished
proc id = 74   local task: 1/4 finished
proc id = 70   local task: 1/4 finished
proc id = 78   local task: 1/4 finished
proc id = 65   local task: 1/4 finished
proc id = 76   local task: 1/4 finished
proc id = 71   local task: 1/4 finished
proc id = 67   local task: 1/4 finished
proc id = 69   local task: 1/4 finished
proc id = 66   local task: 1/4 finished
proc id = 68   local task: 1/4 finished
elapsed time = 0.994128 seconds (stopwatch #0).
proc id = 0   local task: 2/4 finished
proc id = 94   local task: 2/3 finished
proc id = 95   local task: 2/3 finished
proc id = 90   local task: 2/4 finished
proc id = 88   local task: 2/4 finished
proc id = 16   local task: 2/4 finished
proc id = 4   local task: 2/4 finished
proc id = 80   local task: 2/4 finished
proc id = 93   local task: 2/3 finished
proc id = 12   local task: 2/4 finished
proc id = 92   local task: 2/4 finished
proc id = 79   local task: 2/4 finished
proc id = 1   local task: 2/4 finished
proc id = 75   local task: 2/4 finished
proc id = 87   local task: 2/4 finished
proc id = 2   local task: 2/4 finished
proc id = 86   local task: 2/4 finished
proc id = 89   local task: 2/4 finished
proc id = 8   local task: 2/4 finished
proc id = 3   local task: 2/4 finished
proc id = 7   local task: 2/4 finished
proc id = 73   local task: 2/4 finished
proc id = 77   local task: 2/4 finished
proc id = 11   local task: 2/4 finished
proc id = 91   local task: 2/4 finished
proc id = 85   local task: 2/4 finished
proc id = 9   local task: 2/4 finished
proc id = 83   local task: 2/4 finished
proc id = 81   local task: 2/4 finished
proc id = 10   local task: 2/4 finished
proc id = 6   local task: 2/4 finished
proc id = 14   local task: 2/4 finished
proc id = 84   local task: 2/4 finished
proc id = 15   local task: 2/4 finished
proc id = 72   local task: 2/4 finished
proc id = 18   local task: 2/4 finished
proc id = 82   local task: 2/4 finished
proc id = 5   local task: 2/4 finished
proc id = 78   local task: 2/4 finished
proc id = 74   local task: 2/4 finished
proc id = 17   local task: 2/4 finished
proc id = 64   local task: 2/4 finished
proc id = 32   local task: 2/4 finished
proc id = 13   local task: 2/4 finished
proc id = 70   local task: 2/4 finished
proc id = 23   local task: 2/4 finished
proc id = 63   local task: 2/4 finished
proc id = 19   local task: 2/4 finished
proc id = 20   local task: 2/4 finished
proc id = 24   local task: 2/4 finished
proc id = 76   local task: 2/4 finished
proc id = 21   local task: 2/4 finished
proc id = 71   local task: 2/4 finished
proc id = 28   local task: 2/4 finished
proc id = 68   local task: 2/4 finished
proc id = 65   local task: 2/4 finished
proc id = 27   local task: 2/4 finished
proc id = 61   local task: 2/4 finished
proc id = 29   local task: 2/4 finished
proc id = 25   local task: 2/4 finished
proc id = 67   local task: 2/4 finished
proc id = 26   local task: 2/4 finished
proc id = 69   local task: 2/4 finished
proc id = 54   local task: 2/4 finished
proc id = 62   local task: 2/4 finished
proc id = 60   local task: 2/4 finished
proc id = 30   local task: 2/4 finished
proc id = 66   local task: 2/4 finished
proc id = 22   local task: 2/4 finished
proc id = 59   local task: 2/4 finished
proc id = 48   local task: 2/4 finished
proc id = 47   local task: 2/4 finished
proc id = 55   local task: 2/4 finished
proc id = 56   local task: 2/4 finished
proc id = 57   local task: 2/4 finished
proc id = 33   local task: 2/4 finished
proc id = 43   local task: 2/4 finished
proc id = 58   local task: 2/4 finished
proc id = 52   local task: 2/4 finished
proc id = 31   local task: 2/4 finished
proc id = 36   local task: 2/4 finished
proc id = 38   local task: 2/4 finished
proc id = 42   local task: 2/4 finished
proc id = 53   local task: 2/4 finished
proc id = 45   local task: 2/4 finished
proc id = 44   local task: 2/4 finished
proc id = 40   local task: 2/4 finished
proc id = 41   local task: 2/4 finished
proc id = 34   local task: 2/4 finished
proc id = 50   local task: 2/4 finished
proc id = 35   local task: 2/4 finished
proc id = 51   local task: 2/4 finished
proc id = 37   local task: 2/4 finished
proc id = 46   local task: 2/4 finished
proc id = 49   local task: 2/4 finished
proc id = 39   local task: 2/4 finished
elapsed time = 1.48448 seconds (stopwatch #0).
proc id = 0   local task: 3/4 finished
proc id = 94   local task: 3/3 finished
proc id = 95   local task: 3/3 finished
proc id = 90   local task: 3/4 finished
proc id = 88   local task: 3/4 finished
proc id = 93   local task: 3/3 finished
proc id = 16   local task: 3/4 finished
proc id = 4   local task: 3/4 finished
proc id = 80   local task: 3/4 finished
proc id = 79   local task: 3/4 finished
proc id = 87   local task: 3/4 finished
proc id = 92   local task: 3/4 finished
proc id = 1   local task: 3/4 finished
proc id = 75   local task: 3/4 finished
proc id = 86   local task: 3/4 finished
proc id = 12   local task: 3/4 finished
proc id = 89   local task: 3/4 finished
proc id = 2   local task: 3/4 finished
proc id = 7   local task: 3/4 finished
proc id = 3   local task: 3/4 finished
proc id = 8   local task: 3/4 finished
proc id = 77   local task: 3/4 finished
proc id = 73   local task: 3/4 finished
proc id = 91   local task: 3/4 finished
proc id = 85   local task: 3/4 finished
proc id = 83   local task: 3/4 finished
proc id = 84   local task: 3/4 finished
proc id = 6   local task: 3/4 finished
proc id = 11   local task: 3/4 finished
proc id = 78   local task: 3/4 finished
proc id = 82   local task: 3/4 finished
proc id = 10   local task: 3/4 finished
proc id = 5   local task: 3/4 finished
proc id = 9   local task: 3/4 finished
proc id = 81   local task: 3/4 finished
proc id = 72   local task: 3/4 finished
proc id = 15   local task: 3/4 finished
proc id = 18   local task: 3/4 finished
proc id = 14   local task: 3/4 finished
proc id = 74   local task: 3/4 finished
proc id = 64   local task: 3/4 finished
proc id = 13   local task: 3/4 finished
proc id = 32   local task: 3/4 finished
proc id = 17   local task: 3/4 finished
proc id = 70   local task: 3/4 finished
proc id = 76   local task: 3/4 finished
proc id = 19   local task: 3/4 finished
proc id = 24   local task: 3/4 finished
proc id = 23   local task: 3/4 finished
proc id = 71   local task: 3/4 finished
proc id = 63   local task: 3/4 finished
proc id = 21   local task: 3/4 finished
proc id = 65   local task: 3/4 finished
proc id = 68   local task: 3/4 finished
proc id = 28   local task: 3/4 finished
proc id = 67   local task: 3/4 finished
proc id = 69   local task: 3/4 finished
proc id = 25   local task: 3/4 finished
proc id = 20   local task: 3/4 finished
proc id = 27   local task: 3/4 finished
proc id = 29   local task: 3/4 finished
proc id = 61   local task: 3/4 finished
proc id = 66   local task: 3/4 finished
proc id = 26   local task: 3/4 finished
proc id = 22   local task: 3/4 finished
proc id = 54   local task: 3/4 finished
proc id = 30   local task: 3/4 finished
proc id = 60   local task: 3/4 finished
proc id = 62   local task: 3/4 finished
proc id = 47   local task: 3/4 finished
proc id = 48   local task: 3/4 finished
proc id = 59   local task: 3/4 finished
proc id = 55   local task: 3/4 finished
proc id = 56   local task: 3/4 finished
proc id = 33   local task: 3/4 finished
proc id = 57   local task: 3/4 finished
proc id = 58   local task: 3/4 finished
proc id = 52   local task: 3/4 finished
proc id = 31   local task: 3/4 finished
proc id = 43   local task: 3/4 finished
proc id = 53   local task: 3/4 finished
proc id = 36   local task: 3/4 finished
proc id = 44   local task: 3/4 finished
proc id = 40   local task: 3/4 finished
proc id = 35   local task: 3/4 finished
proc id = 38   local task: 3/4 finished
proc id = 42   local task: 3/4 finished
proc id = 34   local task: 3/4 finished
proc id = 41   local task: 3/4 finished
proc id = 45   local task: 3/4 finished
proc id = 50   local task: 3/4 finished
proc id = 51   local task: 3/4 finished
proc id = 37   local task: 3/4 finished
proc id = 46   local task: 3/4 finished
proc id = 49   local task: 3/4 finished
proc id = 39   local task: 3/4 finished
proc id = 90   local task: 4/4 finished
elapsed time = 1.97799 seconds (stopwatch #0).
proc id = 0   local task: 4/4 finished
proc id = 88   local task: 4/4 finished
proc id = 92   local task: 4/4 finished
proc id = 79   local task: 4/4 finished
proc id = 80   local task: 4/4 finished
proc id = 16   local task: 4/4 finished
proc id = 4   local task: 4/4 finished
proc id = 87   local task: 4/4 finished
proc id = 89   local task: 4/4 finished
proc id = 1   local task: 4/4 finished
proc id = 86   local task: 4/4 finished
proc id = 75   local task: 4/4 finished
proc id = 91   local task: 4/4 finished
proc id = 12   local task: 4/4 finished
proc id = 2   local task: 4/4 finished
proc id = 7   local task: 4/4 finished
proc id = 77   local task: 4/4 finished
proc id = 3   local task: 4/4 finished
proc id = 8   local task: 4/4 finished
proc id = 73   local task: 4/4 finished
proc id = 83   local task: 4/4 finished
proc id = 85   local task: 4/4 finished
proc id = 84   local task: 4/4 finished
proc id = 6   local task: 4/4 finished
proc id = 78   local task: 4/4 finished
proc id = 5   local task: 4/4 finished
proc id = 82   local task: 4/4 finished
proc id = 11   local task: 4/4 finished
proc id = 10   local task: 4/4 finished
proc id = 81   local task: 4/4 finished
proc id = 9   local task: 4/4 finished
proc id = 74   local task: 4/4 finished
proc id = 15   local task: 4/4 finished
proc id = 72   local task: 4/4 finished
proc id = 64   local task: 4/4 finished
proc id = 14   local task: 4/4 finished
proc id = 76   local task: 4/4 finished
proc id = 70   local task: 4/4 finished
proc id = 13   local task: 4/4 finished
proc id = 18   local task: 4/4 finished
proc id = 32   local task: 4/4 finished
proc id = 17   local task: 4/4 finished
proc id = 19   local task: 4/4 finished
proc id = 71   local task: 4/4 finished
proc id = 24   local task: 4/4 finished
proc id = 65   local task: 4/4 finished
proc id = 67   local task: 4/4 finished
proc id = 69   local task: 4/4 finished
proc id = 23   local task: 4/4 finished
proc id = 68   local task: 4/4 finished
proc id = 21   local task: 4/4 finished
proc id = 25   local task: 4/4 finished
proc id = 28   local task: 4/4 finished
proc id = 63   local task: 4/4 finished
proc id = 66   local task: 4/4 finished
proc id = 20   local task: 4/4 finished
proc id = 27   local task: 4/4 finished
proc id = 29   local task: 4/4 finished
proc id = 61   local task: 4/4 finished
proc id = 22   local task: 4/4 finished
proc id = 26   local task: 4/4 finished
proc id = 60   local task: 4/4 finished
proc id = 62   local task: 4/4 finished
proc id = 30   local task: 4/4 finished
proc id = 54   local task: 4/4 finished
proc id = 48   local task: 4/4 finished
proc id = 47   local task: 4/4 finished
proc id = 55   local task: 4/4 finished
proc id = 33   local task: 4/4 finished
proc id = 31   local task: 4/4 finished
proc id = 56   local task: 4/4 finished
proc id = 57   local task: 4/4 finished
proc id = 59   local task: 4/4 finished
proc id = 58   local task: 4/4 finished
proc id = 52   local task: 4/4 finished
proc id = 53   local task: 4/4 finished
proc id = 43   local task: 4/4 finished
proc id = 36   local task: 4/4 finished
proc id = 35   local task: 4/4 finished
proc id = 44   local task: 4/4 finished
proc id = 40   local task: 4/4 finished
proc id = 41   local task: 4/4 finished
proc id = 38   local task: 4/4 finished
proc id = 42   local task: 4/4 finished
proc id = 34   local task: 4/4 finished
proc id = 37   local task: 4/4 finished
proc id = 45   local task: 4/4 finished
proc id = 46   local task: 4/4 finished
proc id = 51   local task: 4/4 finished
proc id = 50   local task: 4/4 finished
proc id = 49   local task: 4/4 finished
proc id = 39   local task: 4/4 finished
total program: elapsed time = 2.39138 seconds (stopwatch #0).



Application 7302822 resources: utime ~246s, stime ~30s, Rss ~67104, inblocks ~12565, outblocks ~9932
