Mon May 11 20:58:53 CDT 2020
data will be saved to: /work/jinzx10/TwoPara//data/TwoPara/hybrid_Gamma/0.000025
x0_mpt = 0
x0_fil = 20.6097
omega = 0.0002
mass = 2000
dE_fil = -0.0038
W = 0.2
bath density of states = 10000
hybridization = 2.5e-05
base density of x grid = 5
peak density of x grid = 700
width of x grid peak density = 0.2
size of subspace adiabats = 30

diabatic crossing = 8.00011
number of bath states = 4002
size of selective CIS basis = 4002
number of x grid points: 1050
number of x grid points for proc-0: 11
minimum on-site energy: -0.0624097
maximum on-site energy: 0.0527616

model initialized
proc id = 44   local task: 1/11 finished
proc id = 12   local task: 1/11 finished
proc id = 40   local task: 1/11 finished
proc id = 84   local task: 1/11 finished
proc id = 45   local task: 1/11 finished
proc id = 41   local task: 1/11 finished
proc id = 47   local task: 1/11 finished
proc id = 91   local task: 1/10 finished
proc id = 46   local task: 1/11 finished
proc id = 36   local task: 1/11 finished
proc id = 43   local task: 1/11 finished
proc id = 72   local task: 1/11 finished
proc id = 15   local task: 1/11 finished
proc id = 14   local task: 1/11 finished
proc id = 13   local task: 1/11 finished
proc id = 75   local task: 1/11 finished
proc id = 11   local task: 1/11 finished
proc id = 89   local task: 1/11 finished
proc id = 73   local task: 1/11 finished
proc id = 22   local task: 1/11 finished
proc id = 29   local task: 1/11 finished
proc id = 8   local task: 1/11 finished
proc id = 63   local task: 1/11 finished
proc id = 85   local task: 1/11 finished
proc id = 74   local task: 1/11 finished
proc id = 9   local task: 1/11 finished
proc id = 20   local task: 1/11 finished
proc id = 52   local task: 1/11 finished
proc id = 76   local task: 1/11 finished
proc id = 23   local task: 1/11 finished
proc id = 5   local task: 1/11 finished
proc id = 56   local task: 1/11 finished
proc id = 42   local task: 1/11 finished
proc id = 69   local task: 1/11 finished
proc id = 24   local task: 1/11 finished
proc id = 90   local task: 1/10 finished
proc id = 21   local task: 1/11 finished
proc id = 78   local task: 1/11 finished
proc id = 53   local task: 1/11 finished
proc id = 86   local task: 1/11 finished
proc id = 88   local task: 1/11 finished
proc id = 37   local task: 1/11 finished
proc id = 4   local task: 1/11 finished
proc id = 60   local task: 1/11 finished
proc id = 57   local task: 1/11 finished
proc id = 54   local task: 1/11 finished
proc id = 25   local task: 1/11 finished
proc id = 10   local task: 1/11 finished
proc id = 7   local task: 1/11 finished
proc id = 6   local task: 1/11 finished
proc id = 87   local task: 1/11 finished
proc id = 77   local task: 1/11 finished
proc id = 79   local task: 1/11 finished
proc id = 39   local task: 1/11 finished
proc id = 27   local task: 1/11 finished
proc id = 55   local task: 1/11 finished
proc id = 70   local task: 1/11 finished
proc id = 58   local task: 1/11 finished
proc id = 30   local task: 1/11 finished
proc id = 26   local task: 1/11 finished
proc id = 38   local task: 1/11 finished
proc id = 68   local task: 1/11 finished
proc id = 71   local task: 1/11 finished
proc id = 31   local task: 1/11 finished
proc id = 28   local task: 1/11 finished
proc id = 62   local task: 1/11 finished
proc id = 61   local task: 1/11 finished
proc id = 92   local task: 1/10 finished
proc id = 59   local task: 1/11 finished
proc id = 93   local task: 1/10 finished
proc id = 95   local task: 1/10 finished
proc id = 94   local task: 1/10 finished
proc id = 64   local task: 1/11 finished
proc id = 17   local task: 1/11 finished
proc id = 67   local task: 1/11 finished
proc id = 50   local task: 1/11 finished
proc id = 48   local task: 1/11 finished
proc id = 49   local task: 1/11 finished
proc id = 16   local task: 1/11 finished
proc id = 65   local task: 1/11 finished
proc id = 66   local task: 1/11 finished
proc id = 51   local task: 1/11 finished
proc id = 1   local task: 1/11 finished
proc id = 32   local task: 1/11 finished
proc id = 2   local task: 1/11 finished
proc id = 3   local task: 1/11 finished
elapsed time = 680.123 seconds (stopwatch #0).
proc id = 0   local task: 1/11 finished
proc id = 18   local task: 1/11 finished
proc id = 19   local task: 1/11 finished
proc id = 82   local task: 1/11 finished
proc id = 33   local task: 1/11 finished
proc id = 35   local task: 1/11 finished
proc id = 34   local task: 1/11 finished
proc id = 80   local task: 1/11 finished
proc id = 81   local task: 1/11 finished
proc id = 83   local task: 1/11 finished
proc id = 44   local task: 2/11 finished
proc id = 29   local task: 2/11 finished
proc id = 46   local task: 2/11 finished
proc id = 45   local task: 2/11 finished
proc id = 47   local task: 2/11 finished
proc id = 36   local task: 2/11 finished
proc id = 84   local task: 2/11 finished
proc id = 40   local task: 2/11 finished
proc id = 63   local task: 2/11 finished
proc id = 69   local task: 2/11 finished
proc id = 91   local task: 2/10 finished
proc id = 24   local task: 2/11 finished
proc id = 56   local task: 2/11 finished
proc id = 41   local task: 2/11 finished
proc id = 89   local task: 2/11 finished
proc id = 72   local task: 2/11 finished
proc id = 88   local task: 2/11 finished
proc id = 60   local task: 2/11 finished
proc id = 42   local task: 2/11 finished
proc id = 43   local task: 2/11 finished
proc id = 90   local task: 2/10 finished
proc id = 73   local task: 2/11 finished
proc id = 30   local task: 2/11 finished
proc id = 75   local task: 2/11 finished
proc id = 74   local task: 2/11 finished
proc id = 85   local task: 2/11 finished
proc id = 25   local task: 2/11 finished
proc id = 76   local task: 2/11 finished
proc id = 70   local task: 2/11 finished
proc id = 61   local task: 2/11 finished
proc id = 58   local task: 2/11 finished
proc id = 62   local task: 2/11 finished
proc id = 86   local task: 2/11 finished
proc id = 37   local task: 2/11 finished
proc id = 28   local task: 2/11 finished
proc id = 59   local task: 2/11 finished
proc id = 57   local task: 2/11 finished
proc id = 87   local task: 2/11 finished
proc id = 68   local task: 2/11 finished
proc id = 52   local task: 2/11 finished
proc id = 71   local task: 2/11 finished
proc id = 31   local task: 2/11 finished
proc id = 26   local task: 2/11 finished
proc id = 27   local task: 2/11 finished
proc id = 77   local task: 2/11 finished
proc id = 22   local task: 2/11 finished
proc id = 78   local task: 2/11 finished
proc id = 53   local task: 2/11 finished
proc id = 79   local task: 2/11 finished
proc id = 21   local task: 2/11 finished
proc id = 54   local task: 2/11 finished
proc id = 93   local task: 2/10 finished
proc id = 23   local task: 2/11 finished
proc id = 39   local task: 2/11 finished
proc id = 92   local task: 2/10 finished
proc id = 20   local task: 2/11 finished
proc id = 55   local task: 2/11 finished
proc id = 38   local task: 2/11 finished
proc id = 95   local task: 2/10 finished
proc id = 15   local task: 2/11 finished
proc id = 94   local task: 2/10 finished
proc id = 32   local task: 2/11 finished
proc id = 17   local task: 2/11 finished
proc id = 64   local task: 2/11 finished
proc id = 67   local task: 2/11 finished
proc id = 49   local task: 2/11 finished
proc id = 65   local task: 2/11 finished
proc id = 18   local task: 2/11 finished
proc id = 48   local task: 2/11 finished
proc id = 66   local task: 2/11 finished
proc id = 16   local task: 2/11 finished
proc id = 19   local task: 2/11 finished
proc id = 51   local task: 2/11 finished
proc id = 50   local task: 2/11 finished
proc id = 34   local task: 2/11 finished
proc id = 33   local task: 2/11 finished
proc id = 35   local task: 2/11 finished
proc id = 82   local task: 2/11 finished
proc id = 80   local task: 2/11 finished
proc id = 81   local task: 2/11 finished
proc id = 83   local task: 2/11 finished
proc id = 12   local task: 2/11 finished
elapsed time = 1390.22 seconds (stopwatch #0).
proc id = 0   local task: 2/11 finished
proc id = 4   local task: 2/11 finished
proc id = 1   local task: 2/11 finished
proc id = 5   local task: 2/11 finished
proc id = 13   local task: 2/11 finished
proc id = 2   local task: 2/11 finished
proc id = 6   local task: 2/11 finished
proc id = 14   local task: 2/11 finished
proc id = 3   local task: 2/11 finished
proc id = 7   local task: 2/11 finished
proc id = 8   local task: 2/11 finished
proc id = 9   local task: 2/11 finished
proc id = 10   local task: 2/11 finished
proc id = 11   local task: 2/11 finished
proc id = 44   local task: 3/11 finished
proc id = 15   local task: 3/11 finished
proc id = 29   local task: 3/11 finished
proc id = 36   local task: 3/11 finished
proc id = 84   local task: 3/11 finished
proc id = 69   local task: 3/11 finished
proc id = 46   local task: 3/11 finished
proc id = 45   local task: 3/11 finished
proc id = 47   local task: 3/11 finished
proc id = 40   local task: 3/11 finished
proc id = 63   local task: 3/11 finished
proc id = 24   local task: 3/11 finished
proc id = 56   local task: 3/11 finished
proc id = 72   local task: 3/11 finished
proc id = 60   local task: 3/11 finished
proc id = 30   local task: 3/11 finished
proc id = 37   local task: 3/11 finished
proc id = 41   local task: 3/11 finished
proc id = 28   local task: 3/11 finished
proc id = 91   local task: 3/10 finished
proc id = 31   local task: 3/11 finished
proc id = 32   local task: 3/11 finished
proc id = 42   local task: 3/11 finished
proc id = 43   local task: 3/11 finished
proc id = 70   local task: 3/11 finished
proc id = 76   local task: 3/11 finished
proc id = 25   local task: 3/11 finished
proc id = 85   local task: 3/11 finished
proc id = 62   local task: 3/11 finished
proc id = 61   local task: 3/11 finished
proc id = 89   local task: 3/11 finished
proc id = 73   local task: 3/11 finished
proc id = 88   local task: 3/11 finished
proc id = 90   local task: 3/10 finished
proc id = 68   local task: 3/11 finished
proc id = 86   local task: 3/11 finished
proc id = 74   local task: 3/11 finished
proc id = 75   local task: 3/11 finished
proc id = 71   local task: 3/11 finished
proc id = 38   local task: 3/11 finished
proc id = 39   local task: 3/11 finished
proc id = 87   local task: 3/11 finished
proc id = 26   local task: 3/11 finished
proc id = 27   local task: 3/11 finished
proc id = 58   local task: 3/11 finished
proc id = 57   local task: 3/11 finished
proc id = 59   local task: 3/11 finished
proc id = 52   local task: 3/11 finished
proc id = 77   local task: 3/11 finished
proc id = 78   local task: 3/11 finished
proc id = 22   local task: 3/11 finished
proc id = 79   local task: 3/11 finished
proc id = 53   local task: 3/11 finished
proc id = 21   local task: 3/11 finished
proc id = 93   local task: 3/10 finished
proc id = 92   local task: 3/10 finished
proc id = 20   local task: 3/11 finished
proc id = 54   local task: 3/11 finished
proc id = 95   local task: 3/10 finished
proc id = 55   local task: 3/11 finished
proc id = 94   local task: 3/10 finished
proc id = 23   local task: 3/11 finished
proc id = 17   local task: 3/11 finished
proc id = 64   local task: 3/11 finished
proc id = 67   local task: 3/11 finished
proc id = 18   local task: 3/11 finished
proc id = 66   local task: 3/11 finished
proc id = 65   local task: 3/11 finished
proc id = 19   local task: 3/11 finished
proc id = 34   local task: 3/11 finished
proc id = 35   local task: 3/11 finished
proc id = 16   local task: 3/11 finished
proc id = 33   local task: 3/11 finished
proc id = 48   local task: 3/11 finished
proc id = 49   local task: 3/11 finished
proc id = 50   local task: 3/11 finished
proc id = 51   local task: 3/11 finished
proc id = 82   local task: 3/11 finished
proc id = 80   local task: 3/11 finished
proc id = 81   local task: 3/11 finished
proc id = 83   local task: 3/11 finished
elapsed time = 2088.87 seconds (stopwatch #0).
proc id = 0   local task: 3/11 finished
proc id = 12   local task: 3/11 finished
proc id = 1   local task: 3/11 finished
proc id = 4   local task: 3/11 finished
proc id = 5   local task: 3/11 finished
proc id = 2   local task: 3/11 finished
proc id = 13   local task: 3/11 finished
proc id = 3   local task: 3/11 finished
proc id = 14   local task: 3/11 finished
proc id = 6   local task: 3/11 finished
proc id = 7   local task: 3/11 finished
proc id = 8   local task: 3/11 finished
proc id = 9   local task: 3/11 finished
proc id = 11   local task: 3/11 finished
proc id = 10   local task: 3/11 finished
proc id = 44   local task: 4/11 finished
proc id = 15   local task: 4/11 finished
proc id = 29   local task: 4/11 finished
proc id = 36   local task: 4/11 finished
proc id = 84   local task: 4/11 finished
proc id = 69   local task: 4/11 finished
proc id = 32   local task: 4/11 finished
proc id = 40   local task: 4/11 finished
proc id = 24   local task: 4/11 finished
proc id = 63   local task: 4/11 finished
proc id = 56   local task: 4/11 finished
proc id = 46   local task: 4/11 finished
proc id = 72   local task: 4/11 finished
proc id = 47   local task: 4/11 finished
proc id = 45   local task: 4/11 finished
proc id = 60   local task: 4/11 finished
proc id = 76   local task: 4/11 finished
proc id = 37   local task: 4/11 finished
proc id = 30   local task: 4/11 finished
proc id = 28   local task: 4/11 finished
proc id = 31   local task: 4/11 finished
proc id = 25   local task: 4/11 finished
proc id = 41   local task: 4/11 finished
proc id = 61   local task: 4/11 finished
proc id = 62   local task: 4/11 finished
proc id = 70   local task: 4/11 finished
proc id = 91   local task: 4/10 finished
proc id = 38   local task: 4/11 finished
proc id = 68   local task: 4/11 finished
proc id = 42   local task: 4/11 finished
proc id = 43   local task: 4/11 finished
proc id = 39   local task: 4/11 finished
proc id = 26   local task: 4/11 finished
proc id = 71   local task: 4/11 finished
proc id = 27   local task: 4/11 finished
proc id = 73   local task: 4/11 finished
proc id = 74   local task: 4/11 finished
proc id = 75   local task: 4/11 finished
proc id = 85   local task: 4/11 finished
proc id = 89   local task: 4/11 finished
proc id = 17   local task: 4/11 finished
proc id = 90   local task: 4/10 finished
proc id = 88   local task: 4/11 finished
proc id = 58   local task: 4/11 finished
proc id = 87   local task: 4/11 finished
proc id = 86   local task: 4/11 finished
proc id = 57   local task: 4/11 finished
proc id = 59   local task: 4/11 finished
proc id = 52   local task: 4/11 finished
proc id = 77   local task: 4/11 finished
proc id = 79   local task: 4/11 finished
proc id = 78   local task: 4/11 finished
proc id = 64   local task: 4/11 finished
proc id = 22   local task: 4/11 finished
proc id = 20   local task: 4/11 finished
proc id = 21   local task: 4/11 finished
proc id = 53   local task: 4/11 finished
proc id = 92   local task: 4/10 finished
proc id = 54   local task: 4/11 finished
proc id = 94   local task: 4/10 finished
proc id = 93   local task: 4/10 finished
proc id = 23   local task: 4/11 finished
proc id = 95   local task: 4/10 finished
proc id = 55   local task: 4/11 finished
proc id = 18   local task: 4/11 finished
proc id = 35   local task: 4/11 finished
proc id = 33   local task: 4/11 finished
proc id = 34   local task: 4/11 finished
proc id = 19   local task: 4/11 finished
proc id = 67   local task: 4/11 finished
proc id = 16   local task: 4/11 finished
proc id = 66   local task: 4/11 finished
proc id = 65   local task: 4/11 finished
proc id = 48   local task: 4/11 finished
proc id = 49   local task: 4/11 finished
proc id = 51   local task: 4/11 finished
proc id = 82   local task: 4/11 finished
proc id = 50   local task: 4/11 finished
proc id = 80   local task: 4/11 finished
proc id = 81   local task: 4/11 finished
proc id = 83   local task: 4/11 finished
elapsed time = 2775.04 seconds (stopwatch #0).
proc id = 0   local task: 4/11 finished
proc id = 12   local task: 4/11 finished
proc id = 1   local task: 4/11 finished
proc id = 4   local task: 4/11 finished
proc id = 13   local task: 4/11 finished
proc id = 2   local task: 4/11 finished
proc id = 5   local task: 4/11 finished
proc id = 14   local task: 4/11 finished
proc id = 3   local task: 4/11 finished
proc id = 6   local task: 4/11 finished
proc id = 7   local task: 4/11 finished
proc id = 8   local task: 4/11 finished
proc id = 9   local task: 4/11 finished
proc id = 11   local task: 4/11 finished
proc id = 10   local task: 4/11 finished
proc id = 15   local task: 5/11 finished
proc id = 44   local task: 5/11 finished
proc id = 29   local task: 5/11 finished
proc id = 36   local task: 5/11 finished
proc id = 84   local task: 5/11 finished
proc id = 32   local task: 5/11 finished
proc id = 69   local task: 5/11 finished
proc id = 40   local task: 5/11 finished
proc id = 24   local task: 5/11 finished
proc id = 56   local task: 5/11 finished
proc id = 72   local task: 5/11 finished
proc id = 63   local task: 5/11 finished
proc id = 76   local task: 5/11 finished
proc id = 46   local task: 5/11 finished
proc id = 47   local task: 5/11 finished
proc id = 45   local task: 5/11 finished
proc id = 17   local task: 5/11 finished
proc id = 60   local task: 5/11 finished
proc id = 37   local task: 5/11 finished
proc id = 30   local task: 5/11 finished
proc id = 25   local task: 5/11 finished
proc id = 28   local task: 5/11 finished
proc id = 31   local task: 5/11 finished
proc id = 38   local task: 5/11 finished
proc id = 41   local task: 5/11 finished
proc id = 39   local task: 5/11 finished
proc id = 61   local task: 5/11 finished
proc id = 64   local task: 5/11 finished
proc id = 62   local task: 5/11 finished
proc id = 91   local task: 5/10 finished
proc id = 26   local task: 5/11 finished
proc id = 27   local task: 5/11 finished
proc id = 43   local task: 5/11 finished
proc id = 42   local task: 5/11 finished
proc id = 68   local task: 5/11 finished
proc id = 70   local task: 5/11 finished
proc id = 52   local task: 5/11 finished
proc id = 71   local task: 5/11 finished
proc id = 73   local task: 5/11 finished
proc id = 85   local task: 5/11 finished
proc id = 74   local task: 5/11 finished
proc id = 75   local task: 5/11 finished
proc id = 58   local task: 5/11 finished
proc id = 87   local task: 5/11 finished
proc id = 86   local task: 5/11 finished
proc id = 59   local task: 5/11 finished
proc id = 57   local task: 5/11 finished
proc id = 89   local task: 5/11 finished
proc id = 88   local task: 5/11 finished
proc id = 90   local task: 5/10 finished
proc id = 77   local task: 5/11 finished
proc id = 78   local task: 5/11 finished
proc id = 79   local task: 5/11 finished
proc id = 22   local task: 5/11 finished
proc id = 53   local task: 5/11 finished
proc id = 54   local task: 5/11 finished
proc id = 55   local task: 5/11 finished
proc id = 20   local task: 5/11 finished
proc id = 21   local task: 5/11 finished
proc id = 23   local task: 5/11 finished
proc id = 34   local task: 5/11 finished
proc id = 93   local task: 5/10 finished
proc id = 94   local task: 5/10 finished
proc id = 33   local task: 5/11 finished
proc id = 92   local task: 5/10 finished
proc id = 35   local task: 5/11 finished
proc id = 95   local task: 5/10 finished
proc id = 18   local task: 5/11 finished
proc id = 19   local task: 5/11 finished
proc id = 16   local task: 5/11 finished
proc id = 67   local task: 5/11 finished
proc id = 65   local task: 5/11 finished
proc id = 66   local task: 5/11 finished
proc id = 82   local task: 5/11 finished
proc id = 48   local task: 5/11 finished
proc id = 50   local task: 5/11 finished
proc id = 49   local task: 5/11 finished
proc id = 51   local task: 5/11 finished
proc id = 80   local task: 5/11 finished
proc id = 81   local task: 5/11 finished
proc id = 83   local task: 5/11 finished
elapsed time = 3454.99 seconds (stopwatch #0).
proc id = 0   local task: 5/11 finished
proc id = 12   local task: 5/11 finished
proc id = 1   local task: 5/11 finished
proc id = 13   local task: 5/11 finished
proc id = 4   local task: 5/11 finished
proc id = 14   local task: 5/11 finished
proc id = 2   local task: 5/11 finished
proc id = 3   local task: 5/11 finished
proc id = 5   local task: 5/11 finished
proc id = 6   local task: 5/11 finished
proc id = 7   local task: 5/11 finished
proc id = 8   local task: 5/11 finished
proc id = 9   local task: 5/11 finished
proc id = 10   local task: 5/11 finished
proc id = 11   local task: 5/11 finished
proc id = 15   local task: 6/11 finished
proc id = 44   local task: 6/11 finished
proc id = 29   local task: 6/11 finished
proc id = 36   local task: 6/11 finished
proc id = 84   local task: 6/11 finished
proc id = 32   local task: 6/11 finished
proc id = 69   local task: 6/11 finished
proc id = 40   local task: 6/11 finished
proc id = 24   local task: 6/11 finished
proc id = 72   local task: 6/11 finished
proc id = 56   local task: 6/11 finished
proc id = 76   local task: 6/11 finished
proc id = 63   local task: 6/11 finished
proc id = 17   local task: 6/11 finished
proc id = 64   local task: 6/11 finished
proc id = 46   local task: 6/11 finished
proc id = 45   local task: 6/11 finished
proc id = 47   local task: 6/11 finished
proc id = 60   local task: 6/11 finished
proc id = 37   local task: 6/11 finished
proc id = 52   local task: 6/11 finished
proc id = 25   local task: 6/11 finished
proc id = 30   local task: 6/11 finished
proc id = 28   local task: 6/11 finished
proc id = 38   local task: 6/11 finished
proc id = 31   local task: 6/11 finished
proc id = 39   local task: 6/11 finished
proc id = 91   local task: 6/10 finished
proc id = 41   local task: 6/11 finished
proc id = 62   local task: 6/11 finished
proc id = 61   local task: 6/11 finished
proc id = 26   local task: 6/11 finished
proc id = 27   local task: 6/11 finished
proc id = 85   local task: 6/11 finished
proc id = 42   local task: 6/11 finished
proc id = 43   local task: 6/11 finished
proc id = 68   local task: 6/11 finished
proc id = 70   local task: 6/11 finished
proc id = 73   local task: 6/11 finished
proc id = 71   local task: 6/11 finished
proc id = 86   local task: 6/11 finished
proc id = 87   local task: 6/11 finished
proc id = 74   local task: 6/11 finished
proc id = 75   local task: 6/11 finished
proc id = 58   local task: 6/11 finished
proc id = 57   local task: 6/11 finished
proc id = 59   local task: 6/11 finished
proc id = 77   local task: 6/11 finished
proc id = 89   local task: 6/11 finished
proc id = 78   local task: 6/11 finished
proc id = 79   local task: 6/11 finished
proc id = 88   local task: 6/11 finished
proc id = 90   local task: 6/10 finished
proc id = 34   local task: 6/11 finished
proc id = 35   local task: 6/11 finished
proc id = 33   local task: 6/11 finished
proc id = 53   local task: 6/11 finished
proc id = 55   local task: 6/11 finished
proc id = 22   local task: 6/11 finished
proc id = 54   local task: 6/11 finished
proc id = 18   local task: 6/11 finished
proc id = 21   local task: 6/11 finished
proc id = 20   local task: 6/11 finished
proc id = 23   local task: 6/11 finished
proc id = 82   local task: 6/11 finished
proc id = 19   local task: 6/11 finished
proc id = 16   local task: 6/11 finished
proc id = 67   local task: 6/11 finished
proc id = 93   local task: 6/10 finished
proc id = 92   local task: 6/10 finished
proc id = 94   local task: 6/10 finished
proc id = 95   local task: 6/10 finished
proc id = 65   local task: 6/11 finished
proc id = 66   local task: 6/11 finished
proc id = 48   local task: 6/11 finished
proc id = 80   local task: 6/11 finished
proc id = 50   local task: 6/11 finished
proc id = 83   local task: 6/11 finished
proc id = 81   local task: 6/11 finished
proc id = 51   local task: 6/11 finished
proc id = 49   local task: 6/11 finished
elapsed time = 4134.82 seconds (stopwatch #0).
proc id = 0   local task: 6/11 finished
proc id = 12   local task: 6/11 finished
proc id = 1   local task: 6/11 finished
proc id = 14   local task: 6/11 finished
proc id = 13   local task: 6/11 finished
proc id = 4   local task: 6/11 finished
proc id = 2   local task: 6/11 finished
proc id = 5   local task: 6/11 finished
proc id = 3   local task: 6/11 finished
proc id = 6   local task: 6/11 finished
proc id = 7   local task: 6/11 finished
proc id = 8   local task: 6/11 finished
proc id = 9   local task: 6/11 finished
proc id = 10   local task: 6/11 finished
proc id = 11   local task: 6/11 finished
proc id = 15   local task: 7/11 finished
proc id = 44   local task: 7/11 finished
proc id = 29   local task: 7/11 finished
proc id = 36   local task: 7/11 finished
proc id = 84   local task: 7/11 finished
proc id = 32   local task: 7/11 finished
proc id = 69   local task: 7/11 finished
proc id = 40   local task: 7/11 finished
proc id = 24   local task: 7/11 finished
proc id = 72   local task: 7/11 finished
proc id = 56   local task: 7/11 finished
proc id = 76   local task: 7/11 finished
proc id = 63   local task: 7/11 finished
proc id = 17   local task: 7/11 finished
proc id = 64   local task: 7/11 finished
proc id = 52   local task: 7/11 finished
proc id = 46   local task: 7/11 finished
proc id = 47   local task: 7/11 finished
proc id = 45   local task: 7/11 finished
proc id = 60   local task: 7/11 finished
proc id = 37   local task: 7/11 finished
proc id = 91   local task: 7/10 finished
proc id = 25   local task: 7/11 finished
proc id = 41   local task: 7/11 finished
proc id = 38   local task: 7/11 finished
proc id = 39   local task: 7/11 finished
proc id = 30   local task: 7/11 finished
proc id = 26   local task: 7/11 finished
proc id = 28   local task: 7/11 finished
proc id = 31   local task: 7/11 finished
proc id = 27   local task: 7/11 finished
proc id = 85   local task: 7/11 finished
proc id = 62   local task: 7/11 finished
proc id = 61   local task: 7/11 finished
proc id = 42   local task: 7/11 finished
proc id = 43   local task: 7/11 finished
proc id = 73   local task: 7/11 finished
proc id = 58   local task: 7/11 finished
proc id = 86   local task: 7/11 finished
proc id = 68   local task: 7/11 finished
proc id = 74   local task: 7/11 finished
proc id = 87   local task: 7/11 finished
proc id = 70   local task: 7/11 finished
proc id = 75   local task: 7/11 finished
proc id = 71   local task: 7/11 finished
proc id = 57   local task: 7/11 finished
proc id = 82   local task: 7/11 finished
proc id = 59   local task: 7/11 finished
proc id = 77   local task: 7/11 finished
proc id = 78   local task: 7/11 finished
proc id = 79   local task: 7/11 finished
proc id = 89   local task: 7/11 finished
proc id = 90   local task: 7/10 finished
proc id = 88   local task: 7/11 finished
proc id = 34   local task: 7/11 finished
proc id = 18   local task: 7/11 finished
proc id = 33   local task: 7/11 finished
proc id = 35   local task: 7/11 finished
proc id = 19   local task: 7/11 finished
proc id = 53   local task: 7/11 finished
proc id = 22   local task: 7/11 finished
proc id = 54   local task: 7/11 finished
proc id = 16   local task: 7/11 finished
proc id = 55   local task: 7/11 finished
proc id = 67   local task: 7/11 finished
proc id = 65   local task: 7/11 finished
proc id = 66   local task: 7/11 finished
proc id = 20   local task: 7/11 finished
proc id = 21   local task: 7/11 finished
proc id = 23   local task: 7/11 finished
proc id = 93   local task: 7/10 finished
proc id = 92   local task: 7/10 finished
proc id = 94   local task: 7/10 finished
proc id = 95   local task: 7/10 finished
proc id = 48   local task: 7/11 finished
proc id = 80   local task: 7/11 finished
proc id = 81   local task: 7/11 finished
proc id = 83   local task: 7/11 finished
proc id = 50   local task: 7/11 finished
proc id = 49   local task: 7/11 finished
proc id = 51   local task: 7/11 finished
elapsed time = 4814.95 seconds (stopwatch #0).
proc id = 0   local task: 7/11 finished
proc id = 12   local task: 7/11 finished
proc id = 14   local task: 7/11 finished
proc id = 1   local task: 7/11 finished
proc id = 13   local task: 7/11 finished
proc id = 4   local task: 7/11 finished
proc id = 2   local task: 7/11 finished
proc id = 5   local task: 7/11 finished
proc id = 3   local task: 7/11 finished
proc id = 6   local task: 7/11 finished
proc id = 7   local task: 7/11 finished
proc id = 8   local task: 7/11 finished
proc id = 9   local task: 7/11 finished
proc id = 10   local task: 7/11 finished
proc id = 11   local task: 7/11 finished
proc id = 15   local task: 8/11 finished
proc id = 44   local task: 8/11 finished
proc id = 29   local task: 8/11 finished
proc id = 36   local task: 8/11 finished
proc id = 84   local task: 8/11 finished
proc id = 32   local task: 8/11 finished
proc id = 69   local task: 8/11 finished
proc id = 40   local task: 8/11 finished
proc id = 24   local task: 8/11 finished
proc id = 72   local task: 8/11 finished
proc id = 56   local task: 8/11 finished
proc id = 76   local task: 8/11 finished
proc id = 63   local task: 8/11 finished
proc id = 17   local task: 8/11 finished
proc id = 64   local task: 8/11 finished
proc id = 52   local task: 8/11 finished
proc id = 91   local task: 8/10 finished
proc id = 46   local task: 8/11 finished
proc id = 47   local task: 8/11 finished
proc id = 60   local task: 8/11 finished
proc id = 45   local task: 8/11 finished
proc id = 37   local task: 8/11 finished
proc id = 25   local task: 8/11 finished
proc id = 41   local task: 8/11 finished
proc id = 85   local task: 8/11 finished
proc id = 38   local task: 8/11 finished
proc id = 39   local task: 8/11 finished
proc id = 31   local task: 8/11 finished
proc id = 28   local task: 8/11 finished
proc id = 30   local task: 8/11 finished
proc id = 26   local task: 8/11 finished
proc id = 27   local task: 8/11 finished
proc id = 61   local task: 8/11 finished
proc id = 82   local task: 8/11 finished
proc id = 62   local task: 8/11 finished
proc id = 42   local task: 8/11 finished
proc id = 43   local task: 8/11 finished
proc id = 87   local task: 8/11 finished
proc id = 73   local task: 8/11 finished
proc id = 86   local task: 8/11 finished
proc id = 58   local task: 8/11 finished
proc id = 68   local task: 8/11 finished
proc id = 75   local task: 8/11 finished
proc id = 74   local task: 8/11 finished
proc id = 70   local task: 8/11 finished
proc id = 71   local task: 8/11 finished
proc id = 57   local task: 8/11 finished
proc id = 59   local task: 8/11 finished
proc id = 77   local task: 8/11 finished
proc id = 34   local task: 8/11 finished
proc id = 79   local task: 8/11 finished
proc id = 78   local task: 8/11 finished
proc id = 33   local task: 8/11 finished
proc id = 35   local task: 8/11 finished
proc id = 18   local task: 8/11 finished
proc id = 89   local task: 8/11 finished
proc id = 90   local task: 8/10 finished
proc id = 88   local task: 8/11 finished
proc id = 22   local task: 8/11 finished
proc id = 19   local task: 8/11 finished
proc id = 67   local task: 8/11 finished
proc id = 16   local task: 8/11 finished
proc id = 53   local task: 8/11 finished
proc id = 54   local task: 8/11 finished
proc id = 55   local task: 8/11 finished
proc id = 65   local task: 8/11 finished
proc id = 66   local task: 8/11 finished
proc id = 23   local task: 8/11 finished
proc id = 20   local task: 8/11 finished
proc id = 21   local task: 8/11 finished
proc id = 93   local task: 8/10 finished
proc id = 48   local task: 8/11 finished
proc id = 92   local task: 8/10 finished
proc id = 94   local task: 8/10 finished
proc id = 95   local task: 8/10 finished
proc id = 80   local task: 8/11 finished
proc id = 81   local task: 8/11 finished
proc id = 83   local task: 8/11 finished
proc id = 50   local task: 8/11 finished
proc id = 51   local task: 8/11 finished
proc id = 49   local task: 8/11 finished
elapsed time = 5491.22 seconds (stopwatch #0).
proc id = 0   local task: 8/11 finished
proc id = 12   local task: 8/11 finished
proc id = 14   local task: 8/11 finished
proc id = 1   local task: 8/11 finished
proc id = 13   local task: 8/11 finished
proc id = 4   local task: 8/11 finished
proc id = 2   local task: 8/11 finished
proc id = 5   local task: 8/11 finished
proc id = 3   local task: 8/11 finished
proc id = 6   local task: 8/11 finished
proc id = 8   local task: 8/11 finished
proc id = 7   local task: 8/11 finished
proc id = 15   local task: 9/11 finished
proc id = 9   local task: 8/11 finished
proc id = 10   local task: 8/11 finished
proc id = 11   local task: 8/11 finished
proc id = 44   local task: 9/11 finished
proc id = 29   local task: 9/11 finished
proc id = 36   local task: 9/11 finished
proc id = 84   local task: 9/11 finished
proc id = 32   local task: 9/11 finished
proc id = 69   local task: 9/11 finished
proc id = 40   local task: 9/11 finished
proc id = 72   local task: 9/11 finished
proc id = 24   local task: 9/11 finished
proc id = 56   local task: 9/11 finished
proc id = 76   local task: 9/11 finished
proc id = 17   local task: 9/11 finished
proc id = 63   local task: 9/11 finished
proc id = 64   local task: 9/11 finished
proc id = 52   local task: 9/11 finished
proc id = 91   local task: 9/10 finished
proc id = 46   local task: 9/11 finished
proc id = 37   local task: 9/11 finished
proc id = 45   local task: 9/11 finished
proc id = 47   local task: 9/11 finished
proc id = 60   local task: 9/11 finished
proc id = 25   local task: 9/11 finished
proc id = 85   local task: 9/11 finished
proc id = 41   local task: 9/11 finished
proc id = 82   local task: 9/11 finished
proc id = 38   local task: 9/11 finished
proc id = 39   local task: 9/11 finished
proc id = 28   local task: 9/11 finished
proc id = 30   local task: 9/11 finished
proc id = 31   local task: 9/11 finished
proc id = 26   local task: 9/11 finished
proc id = 27   local task: 9/11 finished
proc id = 87   local task: 9/11 finished
proc id = 86   local task: 9/11 finished
proc id = 73   local task: 9/11 finished
proc id = 43   local task: 9/11 finished
proc id = 42   local task: 9/11 finished
proc id = 58   local task: 9/11 finished
proc id = 61   local task: 9/11 finished
proc id = 62   local task: 9/11 finished
proc id = 74   local task: 9/11 finished
proc id = 68   local task: 9/11 finished
proc id = 75   local task: 9/11 finished
proc id = 71   local task: 9/11 finished
proc id = 70   local task: 9/11 finished
proc id = 57   local task: 9/11 finished
proc id = 59   local task: 9/11 finished
proc id = 34   local task: 9/11 finished
proc id = 33   local task: 9/11 finished
proc id = 35   local task: 9/11 finished
proc id = 22   local task: 9/11 finished
proc id = 77   local task: 9/11 finished
proc id = 18   local task: 9/11 finished
proc id = 78   local task: 9/11 finished
proc id = 79   local task: 9/11 finished
proc id = 89   local task: 9/11 finished
proc id = 16   local task: 9/11 finished
proc id = 19   local task: 9/11 finished
proc id = 67   local task: 9/11 finished
proc id = 90   local task: 9/10 finished
proc id = 88   local task: 9/11 finished
proc id = 48   local task: 9/11 finished
proc id = 65   local task: 9/11 finished
proc id = 66   local task: 9/11 finished
proc id = 53   local task: 9/11 finished
proc id = 54   local task: 9/11 finished
proc id = 55   local task: 9/11 finished
proc id = 93   local task: 9/10 finished
proc id = 23   local task: 9/11 finished
proc id = 20   local task: 9/11 finished
proc id = 21   local task: 9/11 finished
proc id = 80   local task: 9/11 finished
proc id = 95   local task: 9/10 finished
proc id = 94   local task: 9/10 finished
proc id = 92   local task: 9/10 finished
proc id = 83   local task: 9/11 finished
proc id = 81   local task: 9/11 finished
proc id = 50   local task: 9/11 finished
proc id = 49   local task: 9/11 finished
proc id = 51   local task: 9/11 finished
proc id = 14   local task: 9/11 finished
elapsed time = 6164.43 seconds (stopwatch #0).
proc id = 0   local task: 9/11 finished
proc id = 12   local task: 9/11 finished
proc id = 1   local task: 9/11 finished
proc id = 13   local task: 9/11 finished
proc id = 4   local task: 9/11 finished
proc id = 2   local task: 9/11 finished
proc id = 3   local task: 9/11 finished
proc id = 5   local task: 9/11 finished
proc id = 15   local task: 10/11 finished
proc id = 6   local task: 9/11 finished
proc id = 8   local task: 9/11 finished
proc id = 7   local task: 9/11 finished
proc id = 44   local task: 10/11 finished
proc id = 9   local task: 9/11 finished
proc id = 10   local task: 9/11 finished
proc id = 11   local task: 9/11 finished
proc id = 29   local task: 10/11 finished
proc id = 32   local task: 10/11 finished
proc id = 36   local task: 10/11 finished
proc id = 84   local task: 10/11 finished
proc id = 69   local task: 10/11 finished
proc id = 72   local task: 10/11 finished
proc id = 40   local task: 10/11 finished
proc id = 56   local task: 10/11 finished
proc id = 24   local task: 10/11 finished
proc id = 76   local task: 10/11 finished
proc id = 17   local task: 10/11 finished
proc id = 64   local task: 10/11 finished
proc id = 63   local task: 10/11 finished
proc id = 52   local task: 10/11 finished
proc id = 91   local task: 10/10 finished
proc id = 37   local task: 10/11 finished
proc id = 47   local task: 10/11 finished
proc id = 46   local task: 10/11 finished
proc id = 45   local task: 10/11 finished
proc id = 60   local task: 10/11 finished
proc id = 25   local task: 10/11 finished
proc id = 85   local task: 10/11 finished
proc id = 41   local task: 10/11 finished
proc id = 82   local task: 10/11 finished
proc id = 38   local task: 10/11 finished
proc id = 39   local task: 10/11 finished
proc id = 30   local task: 10/11 finished
proc id = 28   local task: 10/11 finished
proc id = 31   local task: 10/11 finished
proc id = 87   local task: 10/11 finished
proc id = 86   local task: 10/11 finished
proc id = 58   local task: 10/11 finished
proc id = 73   local task: 10/11 finished
proc id = 26   local task: 10/11 finished
proc id = 27   local task: 10/11 finished
proc id = 42   local task: 10/11 finished
proc id = 43   local task: 10/11 finished
proc id = 68   local task: 10/11 finished
proc id = 62   local task: 10/11 finished
proc id = 61   local task: 10/11 finished
proc id = 71   local task: 10/11 finished
proc id = 74   local task: 10/11 finished
proc id = 70   local task: 10/11 finished
proc id = 75   local task: 10/11 finished
proc id = 34   local task: 10/11 finished
proc id = 57   local task: 10/11 finished
proc id = 59   local task: 10/11 finished
proc id = 33   local task: 10/11 finished
proc id = 22   local task: 10/11 finished
proc id = 35   local task: 10/11 finished
proc id = 18   local task: 10/11 finished
proc id = 77   local task: 10/11 finished
proc id = 78   local task: 10/11 finished
proc id = 79   local task: 10/11 finished
proc id = 89   local task: 10/11 finished
proc id = 67   local task: 10/11 finished
proc id = 48   local task: 10/11 finished
proc id = 16   local task: 10/11 finished
proc id = 19   local task: 10/11 finished
proc id = 90   local task: 10/10 finished
proc id = 88   local task: 10/11 finished
proc id = 65   local task: 10/11 finished
proc id = 66   local task: 10/11 finished
proc id = 93   local task: 10/10 finished
proc id = 53   local task: 10/11 finished
proc id = 54   local task: 10/11 finished
proc id = 55   local task: 10/11 finished
proc id = 80   local task: 10/11 finished
proc id = 23   local task: 10/11 finished
proc id = 21   local task: 10/11 finished
proc id = 20   local task: 10/11 finished
proc id = 95   local task: 10/10 finished
proc id = 81   local task: 10/11 finished
proc id = 83   local task: 10/11 finished
proc id = 92   local task: 10/10 finished
proc id = 94   local task: 10/10 finished
proc id = 50   local task: 10/11 finished
proc id = 49   local task: 10/11 finished
proc id = 51   local task: 10/11 finished
proc id = 14   local task: 10/11 finished
elapsed time = 6826.85 seconds (stopwatch #0).
proc id = 0   local task: 10/11 finished
proc id = 12   local task: 10/11 finished
proc id = 1   local task: 10/11 finished
proc id = 4   local task: 10/11 finished
proc id = 13   local task: 10/11 finished
proc id = 15   local task: 11/11 finished
proc id = 2   local task: 10/11 finished
proc id = 44   local task: 11/11 finished
proc id = 3   local task: 10/11 finished
proc id = 5   local task: 10/11 finished
proc id = 6   local task: 10/11 finished
proc id = 8   local task: 10/11 finished
proc id = 29   local task: 11/11 finished
proc id = 7   local task: 10/11 finished
proc id = 32   local task: 11/11 finished
proc id = 69   local task: 11/11 finished
proc id = 36   local task: 11/11 finished
proc id = 84   local task: 11/11 finished
proc id = 9   local task: 10/11 finished
proc id = 72   local task: 11/11 finished
proc id = 40   local task: 11/11 finished
proc id = 56   local task: 11/11 finished
proc id = 76   local task: 11/11 finished
proc id = 24   local task: 11/11 finished
proc id = 10   local task: 10/11 finished
proc id = 11   local task: 10/11 finished
proc id = 17   local task: 11/11 finished
proc id = 64   local task: 11/11 finished
proc id = 63   local task: 11/11 finished
proc id = 52   local task: 11/11 finished
proc id = 37   local task: 11/11 finished
proc id = 25   local task: 11/11 finished
proc id = 45   local task: 11/11 finished
proc id = 46   local task: 11/11 finished
proc id = 47   local task: 11/11 finished
proc id = 60   local task: 11/11 finished
proc id = 85   local task: 11/11 finished
proc id = 41   local task: 11/11 finished
proc id = 82   local task: 11/11 finished
proc id = 38   local task: 11/11 finished
proc id = 39   local task: 11/11 finished
proc id = 58   local task: 11/11 finished
proc id = 28   local task: 11/11 finished
proc id = 30   local task: 11/11 finished
proc id = 31   local task: 11/11 finished
proc id = 73   local task: 11/11 finished
proc id = 87   local task: 11/11 finished
proc id = 86   local task: 11/11 finished
proc id = 26   local task: 11/11 finished
proc id = 27   local task: 11/11 finished
proc id = 43   local task: 11/11 finished
proc id = 42   local task: 11/11 finished
proc id = 89   local task: 11/11 finished
proc id = 88   local task: 11/11 finished
proc id = 62   local task: 11/11 finished
proc id = 34   local task: 11/11 finished
proc id = 61   local task: 11/11 finished
proc id = 68   local task: 11/11 finished
proc id = 59   local task: 11/11 finished
proc id = 57   local task: 11/11 finished
proc id = 74   local task: 11/11 finished
proc id = 75   local task: 11/11 finished
proc id = 71   local task: 11/11 finished
proc id = 70   local task: 11/11 finished
proc id = 18   local task: 11/11 finished
proc id = 33   local task: 11/11 finished
proc id = 35   local task: 11/11 finished
proc id = 22   local task: 11/11 finished
proc id = 67   local task: 11/11 finished
proc id = 77   local task: 11/11 finished
proc id = 78   local task: 11/11 finished
proc id = 79   local task: 11/11 finished
proc id = 19   local task: 11/11 finished
proc id = 16   local task: 11/11 finished
proc id = 48   local task: 11/11 finished
proc id = 65   local task: 11/11 finished
proc id = 66   local task: 11/11 finished
proc id = 53   local task: 11/11 finished
proc id = 80   local task: 11/11 finished
proc id = 54   local task: 11/11 finished
proc id = 55   local task: 11/11 finished
proc id = 83   local task: 11/11 finished
proc id = 81   local task: 11/11 finished
proc id = 20   local task: 11/11 finished
proc id = 23   local task: 11/11 finished
proc id = 21   local task: 11/11 finished
proc id = 50   local task: 11/11 finished
proc id = 49   local task: 11/11 finished
proc id = 51   local task: 11/11 finished
proc id = 14   local task: 11/11 finished
elapsed time = 7481.15 seconds (stopwatch #0).
proc id = 0   local task: 11/11 finished
proc id = 12   local task: 11/11 finished
proc id = 1   local task: 11/11 finished
proc id = 13   local task: 11/11 finished
proc id = 4   local task: 11/11 finished
proc id = 2   local task: 11/11 finished
proc id = 3   local task: 11/11 finished
proc id = 5   local task: 11/11 finished
proc id = 6   local task: 11/11 finished
proc id = 7   local task: 11/11 finished
proc id = 8   local task: 11/11 finished
proc id = 9   local task: 11/11 finished
proc id = 10   local task: 11/11 finished
proc id = 11   local task: 11/11 finished
total program: elapsed time = 7847.09 seconds (stopwatch #0).



Application 7302847 resources: utime ~748189s, stime ~19547s, Rss ~3355328, inblocks ~12571, outblocks ~20392
